2025-12-08 17:56:04 [info] : createUser_request
2025-12-08 17:56:05 [info] : CreateUser_Success
2025-12-08 17:57:35 [info] : createUser_request
2025-12-08 18:01:29 [info] : createUser_request
2025-12-08 18:01:29 [info] : createUser_request
2025-12-08 18:01:51 [info] : createUser_request
2025-12-08 18:03:20 [info] : createUser_request
2025-12-08 18:03:21 [error] : createUser_failed
2025-12-09 10:30:45 [info] : createUser_request
2025-12-09 10:30:45 [error] : createUser_failed
2025-12-09 10:33:02 [info] : createUser_request
2025-12-09 10:33:03 [error] : createUser_failed
2025-12-09 11:35:13 [info] : createUser_request
2025-12-09 11:35:15 [info] : CreateUser_Success
2025-12-09 16:30:00 [info] : createUser_request
2025-12-09 16:30:00 [error] : createUser_failed
2025-12-09 16:32:15 [info] : createUser_request
2025-12-09 16:32:15 [error] : createUser_failed
2025-12-09 16:33:23 [info] : createUser_request
2025-12-09 16:33:26 [info] : CreateUser_Success
2025-12-09 16:55:35 [info] : createUser_request
2025-12-09 16:55:35 [info] : CreateUser_Success
2025-12-09 16:58:04 [info] : createUser_request
2025-12-09 16:58:04 [info] : CreateUser_Success
2025-12-09 17:01:01 [info] : createUser_request
2025-12-09 17:01:02 [info] : CreateUser_Success
2025-12-11 17:51:37 [info] : login User
2025-12-11 17:51:39 [error] : login failed
2025-12-11 17:53:18 [info] : login User
2025-12-11 17:53:19 [info] : login successful
2025-12-15 12:21:52 [info] : login User
2025-12-15 12:21:56 [info] : login successful
2025-12-15 12:22:06 [info] : login User
2025-12-15 12:22:07 [info] : login successful
2025-12-15 12:22:11 [info] : login User
2025-12-15 12:22:12 [info] : login successful
2025-12-15 12:22:17 [warn] : Too many attempts
2025-12-15 12:29:34 [info] : login User
2025-12-15 12:29:39 [info] : login successful
2025-12-15 12:31:15 [info] : login User
2025-12-15 12:31:15 [info] : login successful
2025-12-15 12:31:30 [info] : login User
2025-12-15 12:31:30 [info] : login successful
2025-12-15 12:31:35 [info] : login User
2025-12-15 12:31:37 [info] : login successful
2025-12-15 12:32:53 [info] : login User
2025-12-15 12:33:00 [info] : login successful
2025-12-15 12:49:19 [info] : login User
2025-12-15 12:49:21 [info] : login successful
2025-12-15 12:49:23 [info] : login User
2025-12-15 12:49:24 [info] : login successful
2025-12-15 12:49:26 [info] : login User
2025-12-15 12:49:26 [info] : login successful
2025-12-15 12:49:28 [warn] : Too many attempts
2025-12-15 12:51:38 [info] : login User
2025-12-15 12:51:39 [info] : login successful
